2025-09-10 14:46:33 | EMERGENCY | System event 8404
2025-09-23 10:11:14 | TRACE | System event 7009
2025-09-30 23:37:57 | TRACE | System event 9044
2025-09-26 14:14:26 | CRITICAL | System event 3455
2025-09-24 20:02:33 | EMERGENCY | System event 1160
2025-09-14 02:36:52 | INFO | System event 3147
2025-09-30 18:09:43 | CRITICAL | System event 8457
2025-09-12 02:12:36 | ERROR | System event 3345
2025-09-04 21:00:45 | ERROR | System event 1658
2025-09-15 06:35:07 | EMERGENCY | System event 1997
2025-09-05 13:55:45 | DEBUG | System event 3746
2025-09-07 12:38:15 | INFO | System event 4268
2025-09-12 19:26:13 | CRITICAL | System event 5375
2025-09-01 06:58:03 | TRACE | System event 2716
2025-09-13 00:39:13 | DEBUG | System event 7187
2025-09-22 05:21:25 | DEBUG | System event 6004
2025-09-01 21:42:31 | INFO | System event 5586
2025-09-10 20:32:17 | NOTICE | System event 4793
2025-09-17 06:39:48 | WARNING | System event 3114
2025-09-15 13:53:05 | TRACE | System event 1030
2025-09-20 14:32:30 | INFO | System event 6860
2025-09-21 23:48:07 | INFO | System event 6658
2025-10-01 05:14:58 | WARNING | System event 5921
2025-09-21 07:24:18 | INFO | System event 5775
2025-09-01 10:36:14 | CRITICAL | System event 8461
2025-09-15 08:11:59 | ERROR | System event 4167
2025-09-15 07:10:47 | EMERGENCY | System event 1219
2025-09-16 18:38:23 | DEBUG | System event 6035
2025-09-02 00:28:56 | DEBUG | System event 7928
2025-09-04 18:00:29 | EMERGENCY | System event 7884
2025-09-23 01:42:55 | INFO | System event 4052
2025-09-13 21:23:03 | ERROR | System event 9447
2025-09-21 13:09:44 | INFO | System event 9840
2025-09-04 13:17:41 | TRACE | System event 9086
2025-09-25 20:57:24 | ERROR | System event 2565
2025-09-03 20:35:02 | CRITICAL | System event 6848
2025-09-07 07:17:30 | ERROR | System event 9271
2025-09-28 13:01:17 | ERROR | System event 8930
2025-09-15 01:58:41 | CRITICAL | System event 5965
2025-08-31 15:06:49 | EMERGENCY | System event 4759
2025-09-08 03:07:51 | DEBUG | System event 2121
2025-09-15 12:28:46 | INFO | System event 6058
2025-09-22 10:08:07 | NOTICE | System event 6110
2025-09-18 03:06:29 | EMERGENCY | System event 2942
2025-09-25 20:27:56 | EMERGENCY | System event 7740
2025-09-23 04:19:31 | INFO | System event 7665
2025-09-26 13:23:15 | TRACE | System event 8236
2025-09-25 14:52:56 | EMERGENCY | System event 3682
2025-09-05 09:54:45 | DEBUG | System event 2596
2025-10-01 04:47:14 | TRACE | System event 1350
2025-09-30 16:33:04 | EMERGENCY | System event 5345
2025-09-03 01:40:08 | TRACE | System event 6113
2025-09-01 17:50:26 | EMERGENCY | System event 5175
2025-09-22 16:25:25 | DEBUG | System event 6644
2025-09-19 11:56:21 | EMERGENCY | System event 9153
2025-09-01 17:34:03 | WARNING | System event 5734
2025-09-13 10:57:38 | WARNING | System event 7156
2025-09-06 15:28:27 | ERROR | System event 8169
2025-09-27 16:11:44 | INFO | System event 1217
2025-09-28 11:35:55 | DEBUG | System event 5048
2025-09-18 00:21:20 | TRACE | System event 5397
2025-09-22 01:11:34 | WARNING | System event 6744
2025-09-24 02:08:59 | INFO | System event 9914
2025-09-13 03:18:26 | WARNING | System event 4052
2025-09-20 17:10:50 | EMERGENCY | System event 8279
2025-09-14 08:01:50 | WARNING | System event 3890
2025-09-15 00:27:24 | WARNING | System event 9705
2025-09-05 15:40:22 | NOTICE | System event 7820
2025-09-30 15:09:50 | DEBUG | System event 7394
2025-09-06 19:21:10 | EMERGENCY | System event 1103
2025-09-01 21:16:12 | TRACE | System event 9360
2025-09-12 07:16:56 | DEBUG | System event 1137
2025-09-01 23:34:21 | WARNING | System event 7318
2025-09-04 07:14:47 | NOTICE | System event 1188
2025-09-06 14:10:47 | INFO | System event 7482
2025-09-24 10:22:12 | NOTICE | System event 6415
2025-09-07 17:13:17 | NOTICE | System event 4119
2025-09-02 20:45:41 | DEBUG | System event 2337
2025-09-15 09:35:54 | CRITICAL | System event 9503
2025-09-14 18:43:03 | EMERGENCY | System event 9531
2025-09-01 03:03:53 | WARNING | System event 8334
2025-09-19 08:11:36 | EMERGENCY | System event 5077
2025-09-29 02:09:31 | NOTICE | System event 8337
2025-09-21 11:09:19 | DEBUG | System event 9102
2025-09-02 14:40:17 | WARNING | System event 1145
2025-09-19 03:06:59 | TRACE | System event 6016
2025-09-05 07:41:54 | TRACE | System event 2058
2025-09-29 02:14:25 | CRITICAL | System event 2997
2025-09-12 11:37:11 | DEBUG | System event 1700
2025-09-21 05:28:26 | INFO | System event 9207
2025-09-09 22:08:00 | ERROR | System event 7661
2025-09-12 20:57:13 | ERROR | System event 5484
2025-09-02 13:50:55 | DEBUG | System event 1347
2025-09-22 22:34:29 | TRACE | System event 8829
2025-09-30 11:12:54 | ERROR | System event 1900
2025-09-04 09:38:30 | CRITICAL | System event 4994
2025-09-17 08:37:42 | DEBUG | System event 3159
2025-09-13 06:26:40 | ERROR | System event 7184
2025-09-15 08:35:50 | WARNING | System event 9021
2025-09-16 19:46:04 | INFO | System event 2628
2025-09-11 10:18:28 | ERROR | System event 5893
2025-09-25 08:49:51 | TRACE | System event 6267
2025-09-29 03:33:05 | NOTICE | System event 9218
2025-09-13 18:46:46 | CRITICAL | System event 8903
2025-09-13 00:08:47 | EMERGENCY | System event 8759
2025-09-16 07:40:44 | ERROR | System event 1295
2025-09-29 16:02:17 | WARNING | System event 6933
2025-09-11 19:56:08 | NOTICE | System event 6374
2025-09-03 13:03:01 | WARNING | System event 5308
2025-09-26 02:19:39 | WARNING | System event 9803
2025-09-29 09:11:41 | TRACE | System event 7558
2025-09-25 16:56:20 | ERROR | System event 8278
2025-09-09 09:19:47 | DEBUG | System event 1651
2025-09-01 14:17:01 | NOTICE | System event 8965
2025-09-05 22:51:10 | ERROR | System event 7251
2025-09-08 08:00:15 | TRACE | System event 7708
2025-09-13 08:29:54 | CRITICAL | System event 1835
2025-09-21 01:50:03 | WARNING | System event 2537
2025-09-17 13:10:23 | WARNING | System event 6532
2025-09-03 12:49:42 | TRACE | System event 1280
2025-09-12 07:06:57 | CRITICAL | System event 6905
2025-09-17 00:13:07 | DEBUG | System event 9907
2025-09-10 18:44:25 | TRACE | System event 7605
2025-09-20 23:21:39 | ERROR | System event 8046
2025-09-29 16:01:35 | DEBUG | System event 3919
2025-09-09 01:11:13 | ERROR | System event 4388
2025-09-20 17:38:31 | WARNING | System event 3638
2025-09-14 17:55:40 | ERROR | System event 2393
2025-09-18 14:01:55 | NOTICE | System event 3021
2025-09-24 01:58:13 | NOTICE | System event 2875
2025-09-19 08:25:47 | WARNING | System event 2957
2025-09-22 06:24:01 | WARNING | System event 3712
2025-09-14 16:09:02 | CRITICAL | System event 4851
2025-09-17 18:25:51 | DEBUG | System event 6432
2025-09-26 22:55:19 | ERROR | System event 7661
2025-09-19 06:54:03 | EMERGENCY | System event 9103
2025-09-12 19:15:43 | ERROR | System event 7158
2025-09-27 03:20:18 | TRACE | System event 3174
2025-09-13 10:40:12 | TRACE | System event 8230
2025-09-08 23:06:44 | EMERGENCY | System event 9407
2025-09-02 06:54:23 | DEBUG | System event 5536
2025-09-02 23:05:59 | ERROR | System event 3744
2025-09-09 14:18:26 | NOTICE | System event 5179
2025-09-16 12:00:52 | TRACE | System event 7311
2025-09-27 05:28:58 | NOTICE | System event 2993
2025-09-14 20:40:16 | CRITICAL | System event 9574
2025-09-24 08:08:59 | CRITICAL | System event 9287
2025-09-16 06:48:35 | EMERGENCY | System event 2902
2025-09-12 17:20:19 | EMERGENCY | System event 4204
2025-09-25 16:32:02 | WARNING | System event 1003
2025-09-26 04:45:31 | TRACE | System event 8828
2025-09-04 02:44:12 | ERROR | System event 9466
2025-08-31 18:28:30 | NOTICE | System event 4033
2025-09-08 09:26:34 | CRITICAL | System event 4658
2025-09-30 05:55:31 | EMERGENCY | System event 9983
2025-09-17 14:22:27 | TRACE | System event 3970
2025-09-15 11:04:37 | TRACE | System event 6351
2025-09-18 06:20:05 | WARNING | System event 6840
2025-09-23 00:39:41 | EMERGENCY | System event 4446
2025-09-22 10:03:41 | WARNING | System event 4231
2025-09-24 00:49:11 | EMERGENCY | System event 6839
2025-10-01 06:47:27 | INFO | System event 3302
2025-09-11 11:12:47 | WARNING | System event 5721
2025-09-25 09:59:35 | INFO | System event 4086
2025-09-16 17:16:28 | DEBUG | System event 3931
2025-09-29 20:41:27 | DEBUG | System event 1008
2025-09-14 12:59:37 | TRACE | System event 7522
2025-09-27 14:48:03 | EMERGENCY | System event 6622
2025-09-10 16:25:52 | WARNING | System event 1226
2025-09-17 16:40:45 | EMERGENCY | System event 5307
2025-09-19 10:30:55 | INFO | System event 5035
2025-09-11 11:29:48 | WARNING | System event 1001
2025-09-02 04:56:02 | NOTICE | System event 5367
2025-09-29 06:29:48 | DEBUG | System event 9945
2025-09-07 12:24:28 | CRITICAL | System event 8001
2025-09-14 13:18:28 | ERROR | System event 5129
2025-09-03 13:56:24 | DEBUG | System event 9869
2025-09-10 20:03:43 | NOTICE | System event 4971
2025-09-25 20:41:06 | CRITICAL | System event 9492
2025-09-16 17:46:26 | CRITICAL | System event 8181
2025-09-17 13:21:49 | WARNING | System event 4405
2025-09-25 12:34:11 | NOTICE | System event 9284
2025-09-10 03:02:18 | INFO | System event 4307
2025-09-27 23:34:39 | ERROR | System event 2982
2025-09-06 19:15:49 | ERROR | System event 9939
2025-09-23 00:21:33 | TRACE | System event 2203
2025-09-09 07:41:33 | CRITICAL | System event 4245
2025-09-24 16:25:46 | ERROR | System event 5864
2025-09-23 23:28:01 | NOTICE | System event 7102
2025-09-14 00:15:11 | NOTICE | System event 4852
2025-09-24 11:19:04 | CRITICAL | System event 8387
2025-09-08 00:07:33 | CRITICAL | System event 5481
2025-09-12 15:39:32 | WARNING | System event 2014
2025-09-19 20:34:42 | EMERGENCY | System event 1208
2025-09-24 18:01:54 | WARNING | System event 4164
2025-09-29 11:13:20 | CRITICAL | System event 1049
2025-09-30 07:25:51 | WARNING | System event 8657
2025-09-25 07:27:03 | WARNING | System event 9244
2025-09-05 00:47:41 | EMERGENCY | System event 1488
2025-09-18 11:59:31 | WARNING | System event 5585
2025-09-12 21:12:06 | ERROR | System event 7321
2025-09-03 08:00:10 | DEBUG | System event 3941
2025-09-21 06:11:33 | EMERGENCY | System event 6328
2025-10-01 06:14:46 | CRITICAL | System event 5960
2025-09-18 13:00:28 | DEBUG | System event 9122
2025-09-30 21:08:43 | INFO | System event 7106
2025-09-06 22:15:27 | WARNING | System event 8838
2025-10-01 08:23:33 | INFO | System event 7421
2025-09-07 14:56:58 | DEBUG | System event 1635
2025-09-20 20:00:48 | ERROR | System event 2172
2025-09-02 03:31:36 | WARNING | System event 2041
2025-09-09 17:17:16 | WARNING | System event 9658
2025-09-03 00:49:53 | CRITICAL | System event 2245
2025-09-04 01:30:23 | DEBUG | System event 7973
2025-09-19 17:23:04 | TRACE | System event 3325
2025-09-09 08:26:26 | NOTICE | System event 5013
2025-09-05 03:15:59 | DEBUG | System event 8485
2025-08-31 14:00:12 | EMERGENCY | System event 5408
2025-09-03 21:04:59 | CRITICAL | System event 5968
2025-09-20 11:06:06 | CRITICAL | System event 1495
2025-09-19 04:52:30 | EMERGENCY | System event 5816
2025-09-28 21:57:38 | NOTICE | System event 3682
2025-09-27 20:56:56 | WARNING | System event 3166
2025-09-11 11:32:05 | CRITICAL | System event 6175
2025-09-22 03:50:36 | CRITICAL | System event 5391
2025-09-24 23:55:08 | TRACE | System event 1556
2025-09-09 22:26:24 | DEBUG | System event 7603
2025-09-28 06:25:45 | DEBUG | System event 9822
2025-09-28 13:40:57 | DEBUG | System event 2861
2025-09-15 00:29:54 | INFO | System event 4542
2025-09-24 11:09:21 | TRACE | System event 7739
2025-09-13 22:21:10 | NOTICE | System event 4125
2025-09-17 10:48:03 | ERROR | System event 8907
2025-09-07 12:45:11 | DEBUG | System event 9113
2025-09-20 14:28:57 | EMERGENCY | System event 3745
2025-09-19 02:55:18 | INFO | System event 8078
2025-09-26 05:46:28 | ERROR | System event 4013
2025-09-25 22:05:12 | DEBUG | System event 9618
2025-09-18 00:36:06 | CRITICAL | System event 1227
2025-09-29 01:51:44 | NOTICE | System event 6277
2025-09-11 14:30:03 | WARNING | System event 5940
2025-09-28 05:45:03 | NOTICE | System event 1018
2025-09-18 03:37:48 | ERROR | System event 2449
2025-09-10 18:08:57 | DEBUG | System event 7682
2025-09-24 05:37:31 | DEBUG | System event 3622
2025-09-26 12:58:13 | WARNING | System event 4621
2025-09-30 11:02:54 | NOTICE | System event 7624
2025-09-07 12:09:05 | NOTICE | System event 7189
2025-09-28 02:05:34 | CRITICAL | System event 1299
2025-09-19 23:18:42 | DEBUG | System event 9110
2025-09-12 12:42:40 | ERROR | System event 2717
2025-09-25 21:55:22 | NOTICE | System event 3115
2025-09-11 01:31:10 | CRITICAL | System event 6443
2025-09-13 21:46:02 | EMERGENCY | System event 9941
2025-09-29 11:09:51 | EMERGENCY | System event 9427
2025-09-08 05:09:13 | DEBUG | System event 7947
2025-09-24 09:47:17 | CRITICAL | System event 5462
2025-09-10 07:12:21 | DEBUG | System event 7093
2025-09-06 07:36:42 | CRITICAL | System event 3430
2025-09-20 15:26:46 | ERROR | System event 1099
2025-09-11 06:15:20 | CRITICAL | System event 8646
2025-09-02 02:59:08 | ERROR | System event 2129
2025-09-16 10:08:08 | NOTICE | System event 8862
2025-09-04 00:23:41 | TRACE | System event 7793
2025-09-29 04:58:54 | WARNING | System event 5662
2025-09-07 13:32:17 | NOTICE | System event 8760
2025-09-25 17:34:46 | CRITICAL | System event 7875
2025-09-27 12:04:13 | NOTICE | System event 8520
2025-09-22 23:37:27 | DEBUG | System event 2223
2025-09-12 23:13:48 | INFO | System event 9187
2025-09-20 16:22:58 | ERROR | System event 5883
2025-09-08 02:06:29 | WARNING | System event 1336
2025-09-07 03:35:52 | INFO | System event 4953
2025-09-29 13:40:54 | ERROR | System event 2776
2025-09-17 02:17:35 | TRACE | System event 8511
2025-09-24 09:50:39 | ERROR | System event 5867
2025-09-15 08:34:47 | WARNING | System event 1502
2025-09-20 23:54:58 | DEBUG | System event 2803
2025-09-23 11:00:57 | INFO | System event 5242
2025-09-21 08:58:26 | CRITICAL | System event 4082
2025-09-07 12:18:24 | CRITICAL | System event 8783
2025-09-20 17:49:11 | WARNING | System event 1657
2025-09-13 07:51:54 | DEBUG | System event 9992
2025-09-04 14:16:07 | CRITICAL | System event 7431
2025-09-09 01:41:18 | TRACE | System event 6936
2025-09-21 10:08:04 | NOTICE | System event 2289
2025-09-11 21:11:56 | ERROR | System event 4302
2025-09-13 19:27:47 | TRACE | System event 8198
2025-09-19 08:34:50 | NOTICE | System event 7455
2025-09-07 11:30:48 | NOTICE | System event 8123
2025-09-21 10:03:46 | WARNING | System event 5286
2025-09-02 20:49:45 | ERROR | System event 4197
2025-09-07 04:08:07 | EMERGENCY | System event 4666
2025-09-06 09:28:53 | NOTICE | System event 9381
2025-09-22 20:33:14 | NOTICE | System event 9175
2025-10-01 01:44:21 | ERROR | System event 3447
2025-09-11 22:00:45 | CRITICAL | System event 5844
2025-09-15 13:35:36 | WARNING | System event 6876
2025-09-11 22:38:08 | INFO | System event 6043
2025-09-10 11:29:54 | EMERGENCY | System event 8005
2025-09-21 16:16:15 | NOTICE | System event 9436
2025-09-26 10:43:03 | EMERGENCY | System event 8195
2025-09-25 02:30:04 | ERROR | System event 3508
2025-09-23 02:49:04 | INFO | System event 7754
2025-09-05 03:09:49 | NOTICE | System event 1515
2025-09-10 00:00:51 | EMERGENCY | System event 4136
2025-09-07 08:37:55 | WARNING | System event 3080
2025-09-02 22:48:18 | ERROR | System event 2366
2025-09-30 09:02:53 | NOTICE | System event 7413
2025-08-31 22:15:03 | WARNING | System event 5462
2025-09-01 00:44:25 | INFO | System event 7025
2025-09-17 19:13:34 | EMERGENCY | System event 3294
2025-09-20 04:52:10 | CRITICAL | System event 9552
2025-09-05 20:03:07 | WARNING | System event 5134
2025-09-17 08:56:55 | NOTICE | System event 9071
2025-09-26 18:45:04 | WARNING | System event 6896
2025-09-24 19:38:00 | ERROR | System event 7922
2025-09-18 09:43:08 | ERROR | System event 7107
2025-09-27 22:41:37 | INFO | System event 4239
2025-09-26 13:52:04 | CRITICAL | System event 2345
2025-09-02 12:04:30 | NOTICE | System event 2814
2025-09-08 04:46:46 | TRACE | System event 3697
2025-09-05 00:31:18 | CRITICAL | System event 7482
2025-09-28 06:51:46 | DEBUG | System event 3362
2025-09-25 17:43:22 | WARNING | System event 9665
2025-09-25 03:45:25 | NOTICE | System event 7376
2025-09-14 07:10:08 | INFO | System event 9104
2025-09-15 20:52:30 | ERROR | System event 3758
2025-09-17 16:40:56 | TRACE | System event 9890
2025-09-26 08:47:58 | TRACE | System event 4907
2025-08-31 22:33:04 | TRACE | System event 5979
2025-09-06 21:43:09 | INFO | System event 8195
2025-09-12 21:20:48 | TRACE | System event 7856
2025-10-01 12:46:53 | EMERGENCY | System event 3881
2025-09-19 00:24:43 | NOTICE | System event 7151
2025-09-30 18:46:46 | ERROR | System event 2918
2025-09-17 15:06:00 | INFO | System event 4634
2025-09-05 14:54:37 | EMERGENCY | System event 5274
2025-09-19 09:21:09 | WARNING | System event 7168
2025-09-17 22:56:31 | WARNING | System event 4588
2025-09-06 19:01:06 | INFO | System event 9631
2025-09-19 05:59:19 | CRITICAL | System event 2825
2025-09-20 00:10:53 | TRACE | System event 8024
2025-09-26 06:26:53 | INFO | System event 4491
2025-09-11 00:04:37 | INFO | System event 1594
2025-09-20 01:10:37 | EMERGENCY | System event 7509
2025-09-10 05:28:28 | EMERGENCY | System event 5791
2025-09-06 11:15:06 | TRACE | System event 2962
2025-09-01 21:56:00 | EMERGENCY | System event 1958
2025-09-18 04:00:44 | CRITICAL | System event 7272
2025-09-13 13:27:06 | DEBUG | System event 7507
2025-09-18 00:56:24 | TRACE | System event 3746
2025-09-04 14:13:02 | ERROR | System event 1980
2025-09-02 16:49:59 | WARNING | System event 3070
2025-09-10 08:44:57 | CRITICAL | System event 8244
2025-09-01 04:56:01 | NOTICE | System event 9655
2025-09-28 22:54:33 | INFO | System event 1300
2025-09-10 23:02:40 | WARNING | System event 2666
2025-09-23 11:29:19 | ERROR | System event 6570
2025-09-29 18:39:56 | TRACE | System event 7794
2025-10-01 07:07:08 | TRACE | System event 2592
2025-09-15 00:34:52 | TRACE | System event 2277
2025-09-28 12:13:58 | DEBUG | System event 8634
2025-09-06 01:47:23 | INFO | System event 8292
2025-09-21 05:56:22 | DEBUG | System event 4329
2025-09-25 20:03:37 | DEBUG | System event 7176
2025-09-10 08:00:07 | NOTICE | System event 6949
2025-09-04 13:18:52 | EMERGENCY | System event 1911
2025-09-30 22:03:42 | NOTICE | System event 6882
2025-09-10 18:23:46 | EMERGENCY | System event 5243
2025-09-25 14:38:32 | WARNING | System event 9390
2025-09-20 20:45:05 | WARNING | System event 8690
2025-09-29 23:17:40 | NOTICE | System event 3852
2025-09-05 19:11:30 | TRACE | System event 4195
2025-09-23 01:31:55 | CRITICAL | System event 4032
2025-09-27 18:27:26 | DEBUG | System event 7317
2025-09-08 04:48:25 | ERROR | System event 2597
2025-09-22 11:44:59 | TRACE | System event 6484
2025-08-31 19:00:44 | TRACE | System event 7654
2025-09-08 11:59:03 | TRACE | System event 1378
2025-09-14 22:51:53 | INFO | System event 5548
2025-09-22 05:39:51 | INFO | System event 1164
2025-09-20 16:08:25 | TRACE | System event 1817
2025-09-08 10:24:55 | TRACE | System event 4883
2025-09-29 02:14:37 | EMERGENCY | System event 6503
2025-09-20 18:09:39 | ERROR | System event 6931
2025-09-12 21:37:14 | DEBUG | System event 6326
2025-09-11 16:30:24 | WARNING | System event 6497
2025-09-10 00:52:28 | WARNING | System event 2122
2025-09-27 22:01:48 | TRACE | System event 1812
2025-08-31 23:07:06 | WARNING | System event 3884
2025-09-26 00:31:23 | DEBUG | System event 2120
2025-09-16 21:11:30 | NOTICE | System event 2299
2025-09-07 12:10:45 | ERROR | System event 5828
2025-09-17 14:42:47 | NOTICE | System event 5556
2025-09-30 19:22:19 | CRITICAL | System event 9674
2025-09-14 12:23:52 | TRACE | System event 7689
2025-09-10 14:22:34 | WARNING | System event 5269
2025-09-17 10:45:16 | ERROR | System event 1885
2025-09-28 09:06:50 | TRACE | System event 1244
2025-09-20 06:04:20 | WARNING | System event 1838
2025-09-24 00:32:59 | INFO | System event 1945
2025-09-15 10:15:22 | NOTICE | System event 7943
2025-09-29 17:55:20 | DEBUG | System event 1936
2025-09-28 02:59:54 | NOTICE | System event 4996
2025-09-21 17:48:57 | ERROR | System event 1212
2025-09-22 05:42:02 | TRACE | System event 4073
2025-09-22 13:32:49 | WARNING | System event 1058
2025-09-02 21:31:35 | WARNING | System event 1769
2025-09-10 02:22:39 | ERROR | System event 5306
2025-09-16 08:26:12 | TRACE | System event 8427
2025-09-28 09:51:40 | INFO | System event 9959
2025-09-14 22:42:41 | DEBUG | System event 6381
2025-09-25 20:05:55 | EMERGENCY | System event 6089
2025-09-02 11:13:03 | DEBUG | System event 7100
2025-09-22 05:52:59 | EMERGENCY | System event 2422
2025-09-13 21:31:33 | TRACE | System event 4071
2025-09-13 18:04:21 | EMERGENCY | System event 9307
2025-09-08 05:19:27 | TRACE | System event 1429
2025-09-06 04:56:41 | WARNING | System event 2855
2025-10-01 12:32:43 | NOTICE | System event 4875
2025-09-03 07:23:40 | TRACE | System event 8801
2025-09-28 19:50:00 | INFO | System event 5511
2025-09-29 17:00:17 | CRITICAL | System event 3553
2025-09-20 07:30:26 | TRACE | System event 9349
2025-09-30 15:54:16 | NOTICE | System event 2984
2025-09-15 17:34:25 | TRACE | System event 7213
2025-09-05 18:31:30 | INFO | System event 4597
2025-09-15 20:01:39 | WARNING | System event 4136
2025-09-18 05:42:35 | EMERGENCY | System event 8582
2025-09-17 19:14:08 | DEBUG | System event 3720
2025-09-10 08:01:21 | EMERGENCY | System event 3165
2025-09-26 00:19:43 | NOTICE | System event 5381
2025-09-26 00:33:54 | DEBUG | System event 2474
2025-09-18 09:06:21 | INFO | System event 7979
2025-09-25 23:09:50 | NOTICE | System event 1835
2025-10-01 11:31:58 | DEBUG | System event 4145
2025-09-19 14:49:43 | INFO | System event 2235
2025-09-30 21:40:13 | ERROR | System event 9151
2025-09-15 12:02:14 | CRITICAL | System event 3065
2025-09-20 20:59:28 | TRACE | System event 2880
2025-09-21 12:19:57 | EMERGENCY | System event 7384
2025-09-26 11:07:16 | EMERGENCY | System event 7585
2025-09-30 14:31:32 | CRITICAL | System event 2815
2025-09-08 01:19:11 | EMERGENCY | System event 3344
2025-09-29 11:16:13 | CRITICAL | System event 5279
2025-10-01 07:17:36 | EMERGENCY | System event 1884
2025-09-01 05:29:34 | ERROR | System event 2460
2025-09-21 15:55:24 | EMERGENCY | System event 2613
2025-09-03 03:26:41 | CRITICAL | System event 2468
2025-09-23 10:12:04 | TRACE | System event 8857
2025-09-04 21:50:16 | INFO | System event 9762
2025-09-17 20:54:53 | INFO | System event 9907
2025-09-22 23:31:13 | CRITICAL | System event 2350
2025-09-08 09:15:44 | NOTICE | System event 2569
2025-09-05 19:15:05 | INFO | System event 9626
2025-09-19 10:35:58 | EMERGENCY | System event 6688
2025-09-23 12:28:25 | TRACE | System event 8126
2025-09-13 20:05:56 | DEBUG | System event 4311
2025-09-15 05:55:54 | TRACE | System event 5551
2025-09-05 18:17:36 | TRACE | System event 8183
2025-09-04 20:26:02 | CRITICAL | System event 3340
2025-09-25 15:18:06 | INFO | System event 9981
2025-09-10 13:36:43 | CRITICAL | System event 3996
2025-09-28 17:45:19 | ERROR | System event 5217
2025-09-20 21:05:30 | TRACE | System event 9952
2025-09-30 14:40:57 | WARNING | System event 9000
2025-09-17 10:17:51 | TRACE | System event 1273
2025-09-28 20:20:32 | CRITICAL | System event 6901
2025-09-28 05:33:09 | CRITICAL | System event 1199
2025-09-01 03:35:26 | CRITICAL | System event 2624
2025-09-21 01:03:28 | EMERGENCY | System event 6510
2025-09-07 07:52:58 | NOTICE | System event 5785
2025-09-27 06:39:03 | INFO | System event 7224
2025-09-20 21:49:46 | ERROR | System event 2621
2025-09-04 22:07:22 | EMERGENCY | System event 1716
2025-09-03 13:11:20 | NOTICE | System event 2794
2025-09-27 08:33:30 | ERROR | System event 1987
2025-09-05 20:20:51 | TRACE | System event 4377
2025-09-23 06:22:50 | EMERGENCY | System event 9769
2025-09-28 15:13:06 | DEBUG | System event 2548
2025-09-14 10:10:15 | NOTICE | System event 6910
2025-09-08 15:36:31 | WARNING | System event 8794
2025-09-18 06:24:57 | DEBUG | System event 2896
2025-09-06 20:40:44 | TRACE | System event 8061
2025-09-21 03:39:52 | WARNING | System event 6797
2025-09-30 03:02:58 | CRITICAL | System event 1095
2025-09-27 13:18:48 | EMERGENCY | System event 1736
2025-09-24 07:21:37 | NOTICE | System event 4457
2025-09-25 08:16:37 | WARNING | System event 3490
2025-09-02 07:40:19 | ERROR | System event 5322
2025-09-26 10:10:13 | EMERGENCY | System event 1930
2025-09-13 05:21:24 | CRITICAL | System event 9511
2025-09-17 16:33:20 | TRACE | System event 8291
2025-09-02 20:03:31 | NOTICE | System event 8226
2025-09-07 10:10:50 | CRITICAL | System event 7098
2025-09-05 01:22:18 | EMERGENCY | System event 9200
2025-08-31 20:42:29 | EMERGENCY | System event 9376
2025-09-02 11:16:47 | EMERGENCY | System event 8521
2025-09-27 00:28:58 | WARNING | System event 8443
2025-09-09 04:06:11 | ERROR | System event 6214
2025-09-23 11:08:20 | ERROR | System event 8347
2025-09-08 12:19:21 | ERROR | System event 7674
2025-09-16 03:47:49 | INFO | System event 3598
2025-09-28 08:40:52 | DEBUG | System event 1508
2025-09-01 06:09:27 | WARNING | System event 8317
2025-09-09 12:43:42 | TRACE | System event 2135
2025-09-10 18:14:37 | NOTICE | System event 2384
2025-09-07 16:06:27 | ERROR | System event 7148
2025-09-30 22:44:10 | EMERGENCY | System event 7275
2025-09-16 12:48:21 | CRITICAL | System event 2563
2025-09-02 17:03:57 | INFO | System event 9944
2025-09-27 03:09:13 | CRITICAL | System event 5225
2025-09-30 10:40:21 | CRITICAL | System event 1806
2025-09-14 00:05:11 | INFO | System event 1817
2025-09-10 18:42:22 | CRITICAL | System event 1626
2025-09-08 09:00:42 | INFO | System event 1762
2025-09-05 04:41:12 | EMERGENCY | System event 9319
2025-09-25 13:24:05 | INFO | System event 6552
2025-09-26 11:08:18 | WARNING | System event 7703
2025-09-21 14:37:23 | ERROR | System event 1857
2025-09-12 03:59:32 | EMERGENCY | System event 8347
2025-09-12 08:58:44 | NOTICE | System event 6906
2025-10-01 05:13:04 | CRITICAL | System event 3027
2025-09-17 01:07:05 | CRITICAL | System event 2708
2025-09-24 22:47:08 | ERROR | System event 3707
2025-09-09 19:15:49 | NOTICE | System event 3628
2025-09-28 15:33:01 | EMERGENCY | System event 2591
2025-09-09 14:03:42 | WARNING | System event 1314
2025-09-14 23:10:40 | NOTICE | System event 3934
2025-09-22 13:41:39 | DEBUG | System event 3821
2025-09-30 16:54:05 | ERROR | System event 7057
2025-09-06 08:46:01 | CRITICAL | System event 7896
2025-09-11 19:28:06 | CRITICAL | System event 8981
2025-09-20 19:40:21 | WARNING | System event 8621
2025-09-15 06:38:40 | ERROR | System event 2684
2025-09-19 01:09:40 | INFO | System event 4289
2025-09-27 23:32:39 | NOTICE | System event 4405
2025-09-05 21:18:02 | CRITICAL | System event 3188
2025-09-26 00:51:05 | WARNING | System event 9455
2025-09-05 03:10:45 | INFO | System event 1342
2025-09-26 07:20:05 | DEBUG | System event 1273
2025-09-12 20:02:08 | CRITICAL | System event 3278
2025-09-06 17:22:41 | NOTICE | System event 3125
2025-09-30 05:57:00 | TRACE | System event 5296
2025-09-04 20:26:12 | EMERGENCY | System event 6949
2025-09-27 05:14:20 | DEBUG | System event 7330
2025-09-17 07:47:12 | NOTICE | System event 7333
2025-09-07 11:12:25 | TRACE | System event 3758
2025-09-12 07:58:12 | WARNING | System event 9989
2025-09-12 05:49:09 | TRACE | System event 2381
2025-09-06 10:31:29 | CRITICAL | System event 5314
2025-09-10 14:22:20 | DEBUG | System event 8411
2025-09-11 22:01:10 | ERROR | System event 3929
2025-09-18 02:42:48 | INFO | System event 8483
2025-09-14 17:49:01 | ERROR | System event 4692
2025-09-18 03:57:22 | INFO | System event 5057
2025-09-05 13:48:42 | WARNING | System event 1567
2025-09-01 11:20:10 | EMERGENCY | System event 1878
2025-09-09 08:55:14 | ERROR | System event 8047
2025-09-21 15:19:49 | DEBUG | System event 3528
2025-09-24 17:35:50 | NOTICE | System event 5954
2025-09-02 13:33:12 | DEBUG | System event 4583
2025-09-17 04:33:06 | CRITICAL | System event 2209
2025-09-12 10:28:02 | NOTICE | System event 2490
2025-09-06 13:33:08 | INFO | System event 7414
2025-09-30 06:06:32 | WARNING | System event 7420
2025-09-14 09:34:01 | DEBUG | System event 7199
2025-09-06 06:07:05 | NOTICE | System event 3954
2025-09-20 07:17:40 | EMERGENCY | System event 7015
2025-09-21 20:32:46 | CRITICAL | System event 5284
2025-09-26 03:22:00 | DEBUG | System event 5585
2025-09-24 16:29:49 | ERROR | System event 6664
2025-09-27 17:09:24 | TRACE | System event 2997
2025-09-09 10:34:59 | DEBUG | System event 5977
2025-09-24 07:10:38 | CRITICAL | System event 8341
2025-09-08 03:27:24 | EMERGENCY | System event 3991
2025-09-01 21:16:41 | CRITICAL | System event 6317
2025-09-19 21:01:04 | CRITICAL | System event 1128
2025-09-24 17:39:10 | ERROR | System event 2808
2025-09-05 14:05:39 | NOTICE | System event 4787
2025-09-28 09:03:22 | CRITICAL | System event 1884
2025-09-14 10:29:52 | CRITICAL | System event 7294
2025-09-08 00:24:13 | ERROR | System event 7523
2025-09-11 22:44:10 | ERROR | System event 4614
2025-09-25 14:16:33 | INFO | System event 1026
2025-09-02 11:39:11 | DEBUG | System event 4447
2025-09-04 03:56:43 | INFO | System event 2044
2025-09-22 02:29:03 | EMERGENCY | System event 8617
2025-09-23 02:12:11 | DEBUG | System event 3953
2025-09-15 15:54:53 | DEBUG | System event 8272
2025-09-16 00:58:33 | CRITICAL | System event 2844
2025-09-30 05:04:58 | WARNING | System event 2583
2025-09-13 21:05:56 | CRITICAL | System event 6687
2025-09-03 13:25:32 | DEBUG | System event 1465
2025-09-08 06:19:46 | TRACE | System event 6378
2025-09-20 09:18:33 | INFO | System event 2925
2025-09-19 13:42:27 | WARNING | System event 9618
2025-09-13 07:28:35 | EMERGENCY | System event 2910
2025-09-16 06:44:24 | WARNING | System event 8094
2025-09-12 03:25:21 | ERROR | System event 5401
2025-09-29 19:57:07 | CRITICAL | System event 9969
2025-09-06 15:44:51 | INFO | System event 6192
2025-09-24 02:08:04 | WARNING | System event 8877
2025-09-26 10:21:16 | WARNING | System event 8347
2025-09-14 20:50:05 | DEBUG | System event 1291
2025-09-27 20:14:25 | NOTICE | System event 1609
2025-09-05 06:27:57 | CRITICAL | System event 9348
2025-09-28 16:32:12 | DEBUG | System event 9318
2025-09-25 04:04:21 | CRITICAL | System event 4005
2025-08-31 17:46:07 | ERROR | System event 3351
2025-09-04 05:40:22 | DEBUG | System event 8097
2025-09-22 01:17:00 | TRACE | System event 2788
2025-09-01 07:48:59 | TRACE | System event 5414
2025-09-04 20:25:55 | TRACE | System event 1302
2025-09-30 21:18:30 | TRACE | System event 4476
2025-09-24 02:58:56 | WARNING | System event 8075
2025-09-27 23:26:20 | CRITICAL | System event 2477
2025-09-22 10:03:17 | CRITICAL | System event 6677
2025-09-11 22:04:14 | DEBUG | System event 5597
2025-09-16 15:39:00 | TRACE | System event 9697
2025-09-19 09:56:08 | EMERGENCY | System event 9638
2025-09-11 18:02:01 | ERROR | System event 7706
2025-09-08 20:25:59 | EMERGENCY | System event 2069
2025-09-05 21:42:59 | WARNING | System event 1972
2025-09-28 06:49:23 | ERROR | System event 8902
2025-09-08 02:56:01 | DEBUG | System event 6630
2025-09-30 21:16:25 | DEBUG | System event 8324
2025-09-07 07:20:42 | ERROR | System event 4099
2025-10-01 12:30:24 | CRITICAL | System event 4675
2025-09-06 13:47:49 | CRITICAL | System event 2261
2025-09-02 07:53:20 | ERROR | System event 8337
2025-09-16 12:09:36 | INFO | System event 9988
2025-09-10 16:32:42 | DEBUG | System event 1596
2025-09-14 21:10:32 | TRACE | System event 7571
2025-09-12 13:52:22 | ERROR | System event 1637
2025-09-25 01:42:49 | ERROR | System event 2823
2025-09-20 04:13:51 | INFO | System event 9277
2025-09-16 09:01:02 | INFO | System event 5638
2025-09-27 18:28:01 | NOTICE | System event 1764
2025-09-07 06:59:53 | EMERGENCY | System event 7638
2025-09-12 14:18:32 | NOTICE | System event 9941
2025-09-03 00:02:36 | TRACE | System event 1220
2025-09-21 19:48:57 | WARNING | System event 9136
2025-09-04 12:14:10 | ERROR | System event 7522
2025-09-21 20:50:24 | TRACE | System event 3462
2025-09-03 09:43:28 | DEBUG | System event 8886
2025-09-13 18:03:59 | INFO | System event 3817
2025-09-23 19:56:36 | ERROR | System event 5468
2025-09-04 21:42:16 | CRITICAL | System event 6572
2025-09-09 03:48:35 | WARNING | System event 7807
2025-09-14 03:43:47 | INFO | System event 1044
2025-09-19 06:33:55 | CRITICAL | System event 9197
2025-09-24 13:29:47 | CRITICAL | System event 4740
2025-09-07 17:10:17 | TRACE | System event 9214
2025-09-09 16:07:45 | ERROR | System event 4299
2025-09-01 20:06:03 | EMERGENCY | System event 9533
2025-09-08 01:42:34 | CRITICAL | System event 5449
2025-09-27 19:39:08 | NOTICE | System event 2148
2025-09-25 11:20:24 | EMERGENCY | System event 3404
2025-09-16 10:03:11 | EMERGENCY | System event 8484
2025-09-23 23:43:57 | NOTICE | System event 7410
2025-09-27 05:07:34 | INFO | System event 3190
2025-09-08 07:27:15 | ERROR | System event 7311
2025-09-13 11:51:50 | TRACE | System event 2440
2025-09-19 23:40:28 | EMERGENCY | System event 6890
2025-09-24 10:12:54 | EMERGENCY | System event 7657
2025-09-04 21:16:23 | WARNING | System event 4662
2025-09-03 17:26:21 | DEBUG | System event 1478
2025-09-03 00:43:57 | ERROR | System event 4661
2025-09-06 12:24:06 | NOTICE | System event 3762
2025-09-16 06:40:20 | TRACE | System event 1994
2025-09-04 13:38:40 | DEBUG | System event 7358
2025-09-19 15:28:17 | DEBUG | System event 6833
2025-09-13 23:18:46 | EMERGENCY | System event 4357
2025-09-12 17:57:25 | NOTICE | System event 8504
2025-09-12 19:32:46 | CRITICAL | System event 6144
2025-09-09 13:03:02 | EMERGENCY | System event 3810
2025-09-28 08:47:29 | ERROR | System event 3352
2025-09-09 04:59:50 | EMERGENCY | System event 5817
2025-09-03 16:56:12 | NOTICE | System event 6513
2025-09-14 01:33:36 | WARNING | System event 5599
2025-09-19 19:54:06 | WARNING | System event 7568
2025-09-07 09:26:49 | INFO | System event 1434
2025-09-26 04:17:45 | DEBUG | System event 5323
2025-09-23 16:19:29 | INFO | System event 9286
2025-09-09 00:03:51 | NOTICE | System event 4684
2025-10-01 02:42:23 | ERROR | System event 7233
2025-09-03 13:57:03 | INFO | System event 8478
2025-09-18 18:52:41 | EMERGENCY | System event 5718
2025-09-29 22:18:31 | NOTICE | System event 9189
2025-09-05 12:10:25 | EMERGENCY | System event 6993
2025-09-05 22:06:34 | TRACE | System event 8800
2025-09-03 11:58:25 | INFO | System event 9037
2025-09-25 15:46:17 | ERROR | System event 3075
2025-09-08 12:25:26 | WARNING | System event 9308
2025-09-19 01:55:57 | INFO | System event 1251
2025-09-20 19:19:58 | CRITICAL | System event 5546
2025-09-07 11:49:06 | WARNING | System event 5945
2025-09-16 06:35:41 | NOTICE | System event 5368
2025-09-05 00:45:08 | EMERGENCY | System event 8869
2025-09-05 00:59:51 | WARNING | System event 1480
2025-09-15 21:43:38 | DEBUG | System event 1278
2025-09-21 06:06:43 | CRITICAL | System event 6681
2025-09-07 08:58:35 | TRACE | System event 4726
2025-09-25 19:14:14 | WARNING | System event 1632
2025-09-20 03:35:42 | WARNING | System event 1866
2025-09-15 09:24:51 | NOTICE | System event 9606
2025-09-18 04:34:18 | DEBUG | System event 7681
2025-09-27 06:09:42 | EMERGENCY | System event 5683
2025-09-11 11:33:01 | CRITICAL | System event 2423
2025-09-22 16:32:10 | ERROR | System event 4061
2025-09-27 17:11:44 | CRITICAL | System event 8694
2025-09-01 09:51:52 | EMERGENCY | System event 5789
2025-09-10 08:53:43 | EMERGENCY | System event 2042
2025-09-02 11:01:06 | ERROR | System event 6935
2025-09-15 11:29:23 | NOTICE | System event 7223
2025-09-27 02:48:16 | INFO | System event 8479
2025-09-06 08:21:34 | TRACE | System event 2006
2025-09-13 23:02:08 | NOTICE | System event 2894
2025-09-25 04:18:37 | EMERGENCY | System event 7777
2025-09-02 10:51:26 | CRITICAL | System event 4505
2025-09-03 09:15:33 | DEBUG | System event 2164
2025-09-07 07:57:49 | INFO | System event 6997
2025-09-09 05:51:45 | ERROR | System event 7541
2025-09-25 20:48:11 | CRITICAL | System event 5918
2025-09-06 15:34:55 | CRITICAL | System event 6085
2025-09-21 06:37:39 | WARNING | System event 2191
2025-09-15 01:57:39 | DEBUG | System event 8796
2025-09-01 04:36:24 | DEBUG | System event 1018
2025-09-23 09:34:08 | ERROR | System event 8510
2025-09-08 02:48:55 | DEBUG | System event 7322
2025-09-20 08:24:38 | ERROR | System event 7002
2025-09-14 20:30:09 | DEBUG | System event 4716
2025-09-17 21:24:31 | DEBUG | System event 2648
2025-09-27 19:28:28 | NOTICE | System event 7723
2025-09-23 13:26:26 | TRACE | System event 4196
2025-09-06 03:12:23 | ERROR | System event 7491
2025-09-02 07:55:26 | WARNING | System event 1896
2025-09-04 16:01:56 | DEBUG | System event 3232
2025-09-21 02:19:22 | WARNING | System event 9337
2025-09-24 20:57:16 | NOTICE | System event 6014
2025-09-18 03:01:08 | TRACE | System event 7775
2025-09-12 23:08:22 | INFO | System event 2904
2025-09-15 04:54:32 | EMERGENCY | System event 3242
2025-09-15 19:20:46 | DEBUG | System event 2641
2025-09-07 12:27:58 | NOTICE | System event 5387
2025-09-27 02:45:54 | CRITICAL | System event 6824
2025-09-22 22:34:58 | ERROR | System event 4273
2025-09-14 19:54:21 | NOTICE | System event 7749
2025-09-30 14:55:00 | ERROR | System event 6648
2025-09-29 22:40:52 | WARNING | System event 3837
2025-09-21 11:24:33 | DEBUG | System event 5738
2025-09-10 18:03:49 | DEBUG | System event 7002
2025-09-10 16:58:53 | INFO | System event 2144
2025-09-04 01:04:21 | INFO | System event 3275
2025-09-24 10:32:32 | TRACE | System event 7433
2025-09-07 03:52:19 | ERROR | System event 3810
2025-09-23 10:48:49 | WARNING | System event 9602
2025-09-22 13:22:17 | INFO | System event 2226
2025-09-22 09:45:12 | WARNING | System event 3208
2025-09-01 21:10:22 | INFO | System event 8129
2025-09-30 11:43:42 | TRACE | System event 9888
2025-09-16 22:17:05 | EMERGENCY | System event 9871
2025-09-11 00:53:32 | WARNING | System event 3823
2025-09-10 09:38:53 | EMERGENCY | System event 2969
2025-09-10 17:59:16 | TRACE | System event 6375
2025-09-22 18:46:47 | TRACE | System event 9596
2025-09-12 06:41:40 | WARNING | System event 4171
2025-10-01 00:56:17 | ERROR | System event 4512
2025-09-01 02:46:03 | CRITICAL | System event 1333
2025-09-01 21:47:02 | DEBUG | System event 9032
2025-09-09 00:15:34 | NOTICE | System event 2525
2025-09-08 05:05:00 | TRACE | System event 6612
2025-09-18 23:51:36 | DEBUG | System event 9390
2025-09-15 16:16:35 | NOTICE | System event 8277
2025-09-11 05:17:17 | INFO | System event 2849
2025-09-09 00:28:01 | DEBUG | System event 5049
2025-09-22 15:10:48 | EMERGENCY | System event 8530
2025-09-03 20:42:53 | INFO | System event 2620
2025-09-25 05:26:40 | DEBUG | System event 7413
2025-09-26 03:03:45 | NOTICE | System event 6321
2025-09-18 03:47:00 | WARNING | System event 4709
2025-09-07 18:06:50 | WARNING | System event 2657
2025-09-18 06:11:08 | TRACE | System event 9202
2025-09-25 02:39:06 | INFO | System event 7282
2025-09-12 02:34:03 | DEBUG | System event 2883
2025-09-19 02:51:39 | ERROR | System event 8720
2025-09-12 08:34:49 | ERROR | System event 9919
2025-09-20 14:50:26 | EMERGENCY | System event 5176
2025-09-16 20:41:34 | DEBUG | System event 4371
2025-09-26 15:38:58 | ERROR | System event 9901
2025-09-05 16:57:30 | EMERGENCY | System event 4189
2025-09-15 20:18:03 | INFO | System event 8392
2025-09-25 12:57:11 | NOTICE | System event 1029
2025-09-21 13:35:24 | ERROR | System event 4307
2025-09-30 05:25:18 | ERROR | System event 5351
2025-08-31 22:07:27 | DEBUG | System event 6448
2025-10-01 03:59:58 | DEBUG | System event 1551
2025-09-17 07:21:30 | EMERGENCY | System event 1185
2025-09-13 22:13:13 | NOTICE | System event 3182
2025-09-23 04:59:11 | WARNING | System event 4626
2025-09-19 10:23:23 | NOTICE | System event 8401
2025-09-21 04:59:20 | ERROR | System event 6379
2025-09-12 13:48:09 | WARNING | System event 6347
2025-09-14 19:52:57 | WARNING | System event 2498
2025-09-09 20:20:39 | NOTICE | System event 1282
2025-09-26 20:15:24 | WARNING | System event 2431
2025-09-22 01:40:53 | CRITICAL | System event 5529
2025-09-05 02:57:35 | EMERGENCY | System event 9829
2025-09-06 10:32:22 | WARNING | System event 3007
2025-09-01 05:27:22 | WARNING | System event 3751
2025-09-21 14:22:08 | CRITICAL | System event 9024
2025-09-18 14:04:29 | TRACE | System event 5246
2025-09-14 01:52:19 | INFO | System event 5881
2025-09-29 23:32:23 | EMERGENCY | System event 8070
2025-09-25 06:19:11 | TRACE | System event 9525
2025-10-01 12:55:05 | INFO | System event 4251
2025-09-17 12:01:19 | NOTICE | System event 2736
2025-09-05 21:26:18 | CRITICAL | System event 7564
2025-09-29 15:16:14 | INFO | System event 8169
2025-09-07 16:45:01 | TRACE | System event 4519
2025-09-01 07:15:21 | TRACE | System event 9986
2025-09-29 01:48:52 | CRITICAL | System event 4106
2025-09-21 13:21:31 | ERROR | System event 6339
2025-09-12 00:37:18 | CRITICAL | System event 8120
2025-09-02 15:14:22 | ERROR | System event 8153
2025-09-28 23:00:43 | TRACE | System event 3215
2025-09-11 02:47:59 | ERROR | System event 9980
2025-09-30 04:54:34 | ERROR | System event 2141
2025-09-01 14:36:59 | EMERGENCY | System event 3573
2025-09-26 12:25:42 | EMERGENCY | System event 1674
2025-08-31 14:49:50 | INFO | System event 5793
2025-09-13 07:49:35 | NOTICE | System event 3310
2025-09-14 01:13:27 | WARNING | System event 6673
2025-09-01 02:55:41 | ERROR | System event 4006
2025-09-12 22:20:00 | TRACE | System event 2964
2025-09-16 05:04:00 | NOTICE | System event 4948
2025-09-18 04:44:08 | WARNING | System event 2786
2025-09-15 19:38:41 | WARNING | System event 9066
2025-09-06 19:53:26 | NOTICE | System event 1191
2025-09-18 08:05:53 | ERROR | System event 7630
2025-09-22 11:23:15 | INFO | System event 6684
2025-09-09 20:43:26 | WARNING | System event 1026
2025-09-03 03:15:03 | CRITICAL | System event 9373
2025-09-22 18:44:15 | WARNING | System event 2114
2025-09-16 06:32:33 | DEBUG | System event 2082
2025-09-20 12:02:57 | CRITICAL | System event 4758
2025-09-26 19:42:14 | EMERGENCY | System event 3172
2025-09-20 22:46:11 | TRACE | System event 2831
2025-09-29 03:45:20 | NOTICE | System event 9351
2025-09-11 11:50:39 | INFO | System event 3977
2025-09-28 18:00:37 | NOTICE | System event 7391
2025-09-06 08:08:00 | TRACE | System event 7500
2025-09-09 06:10:07 | TRACE | System event 1083
2025-09-10 12:39:17 | CRITICAL | System event 6077
2025-09-24 19:06:26 | WARNING | System event 8020
2025-09-27 15:24:23 | TRACE | System event 1248
2025-09-29 00:39:23 | DEBUG | System event 4142
2025-09-19 02:14:23 | TRACE | System event 8618
2025-09-10 10:25:16 | TRACE | System event 9404
2025-09-26 15:42:41 | DEBUG | System event 2209
2025-09-04 00:25:15 | CRITICAL | System event 1311
2025-09-25 19:17:19 | CRITICAL | System event 8890
2025-09-18 07:43:15 | ERROR | System event 4578
2025-10-01 01:29:23 | WARNING | System event 9369
2025-09-14 01:34:02 | INFO | System event 7763
2025-09-25 02:55:58 | CRITICAL | System event 8608
2025-09-03 02:01:06 | EMERGENCY | System event 7021
2025-09-14 11:58:30 | INFO | System event 2912
2025-09-01 04:15:53 | EMERGENCY | System event 4480
2025-09-14 19:34:48 | ERROR | System event 7158
2025-09-19 17:59:45 | NOTICE | System event 2502
2025-09-04 16:16:53 | CRITICAL | System event 8103
2025-09-13 21:25:08 | DEBUG | System event 2269
2025-09-02 05:24:56 | WARNING | System event 7925
2025-09-01 23:24:19 | DEBUG | System event 9346
2025-09-22 15:16:06 | TRACE | System event 2426
2025-09-25 17:03:34 | DEBUG | System event 4360
2025-09-03 07:29:49 | INFO | System event 5935
2025-09-02 18:38:07 | CRITICAL | System event 2278
2025-09-11 23:21:43 | WARNING | System event 4785
2025-09-17 22:18:14 | INFO | System event 4326
2025-09-01 10:14:04 | NOTICE | System event 3152
2025-09-07 12:47:58 | INFO | System event 5922
2025-09-29 17:48:21 | DEBUG | System event 4464
2025-09-19 10:15:17 | EMERGENCY | System event 6702
2025-09-21 12:19:28 | CRITICAL | System event 9555
2025-09-11 02:05:13 | INFO | System event 9487
2025-09-19 00:52:27 | CRITICAL | System event 9546
2025-09-01 17:53:04 | TRACE | System event 8410
2025-09-25 12:35:55 | CRITICAL | System event 9428
2025-09-29 05:44:30 | DEBUG | System event 1132
2025-09-08 14:55:27 | NOTICE | System event 3811
2025-09-17 04:19:56 | TRACE | System event 7850
2025-09-24 17:37:09 | ERROR | System event 9853
2025-09-20 06:52:45 | WARNING | System event 5217
2025-09-28 17:01:58 | EMERGENCY | System event 2408
2025-09-24 16:40:48 | TRACE | System event 5336
2025-09-24 15:28:50 | EMERGENCY | System event 3805
2025-09-24 06:07:21 | WARNING | System event 5575
2025-09-30 23:14:00 | EMERGENCY | System event 4184
2025-09-29 14:57:16 | CRITICAL | System event 8728
2025-09-05 01:27:11 | WARNING | System event 6293
2025-09-12 19:20:30 | CRITICAL | System event 1394
2025-09-18 12:19:54 | INFO | System event 6564
2025-09-08 18:05:51 | WARNING | System event 4623
2025-09-03 12:27:27 | INFO | System event 6208
2025-10-01 03:49:38 | CRITICAL | System event 6461
2025-09-04 08:38:11 | TRACE | System event 3822
2025-09-24 14:58:02 | NOTICE | System event 9456
2025-09-24 14:02:23 | NOTICE | System event 7475
2025-09-13 03:39:10 | TRACE | System event 2498
2025-09-11 09:41:42 | EMERGENCY | System event 6642
2025-09-11 08:31:49 | NOTICE | System event 2523
2025-09-20 19:43:24 | WARNING | System event 7963
2025-09-17 09:57:00 | NOTICE | System event 9556
2025-09-04 04:55:41 | NOTICE | System event 8964
2025-09-25 21:00:59 | DEBUG | System event 1160
2025-09-05 17:29:54 | NOTICE | System event 3317
2025-09-04 17:04:09 | DEBUG | System event 1078
2025-09-10 03:22:50 | DEBUG | System event 6672
2025-09-22 21:36:41 | ERROR | System event 7734
2025-09-22 18:38:20 | NOTICE | System event 1847
2025-09-26 06:37:39 | NOTICE | System event 8263
2025-09-23 12:23:56 | ERROR | System event 1058
2025-09-01 02:50:29 | ERROR | System event 9680
2025-09-13 22:10:47 | ERROR | System event 5289
2025-09-19 17:42:08 | CRITICAL | System event 5691
2025-09-11 18:36:03 | INFO | System event 1947
2025-09-19 13:14:06 | EMERGENCY | System event 1445
2025-09-25 12:42:51 | WARNING | System event 3716
2025-09-06 06:25:42 | ERROR | System event 4959
2025-09-09 21:50:35 | EMERGENCY | System event 3064
2025-09-27 00:59:46 | WARNING | System event 8873
2025-09-27 23:10:46 | INFO | System event 5170
2025-09-13 20:26:26 | INFO | System event 9598
2025-09-30 08:32:51 | INFO | System event 6176
2025-09-08 13:46:05 | NOTICE | System event 9199
2025-09-18 15:48:10 | EMERGENCY | System event 9385
2025-09-28 04:51:46 | INFO | System event 6227
2025-09-29 18:20:49 | ERROR | System event 4530
2025-09-16 04:15:28 | EMERGENCY | System event 6446
2025-09-01 14:11:58 | WARNING | System event 5663
2025-09-24 16:14:32 | ERROR | System event 7540
2025-09-09 11:00:44 | NOTICE | System event 6559
2025-09-21 18:52:09 | ERROR | System event 2888
2025-09-29 05:40:09 | DEBUG | System event 1511
2025-09-27 11:57:42 | TRACE | System event 6710
2025-09-02 21:58:52 | INFO | System event 7589
2025-09-06 22:57:41 | CRITICAL | System event 6575
2025-09-15 18:05:48 | ERROR | System event 7609
2025-09-07 04:50:27 | INFO | System event 4930
2025-09-22 09:13:03 | EMERGENCY | System event 1025
2025-09-14 08:48:54 | DEBUG | System event 7518
2025-09-23 07:15:24 | WARNING | System event 1703
2025-09-24 09:24:18 | NOTICE | System event 2979
2025-09-17 22:17:03 | ERROR | System event 8422
2025-09-13 08:07:37 | DEBUG | System event 3056
2025-09-03 16:13:07 | TRACE | System event 4763
2025-09-15 18:50:30 | ERROR | System event 1813
2025-09-04 09:05:11 | NOTICE | System event 6266
2025-09-21 00:32:51 | EMERGENCY | System event 3462
2025-09-13 13:27:25 | INFO | System event 3261
2025-09-16 10:18:45 | EMERGENCY | System event 8495
2025-09-18 16:56:07 | NOTICE | System event 9876
2025-09-03 00:40:17 | EMERGENCY | System event 2868
2025-09-16 05:23:16 | INFO | System event 5960
2025-09-13 23:41:11 | TRACE | System event 2276
2025-09-10 05:22:09 | EMERGENCY | System event 7322
2025-09-20 04:01:40 | INFO | System event 8693
2025-09-28 06:04:55 | TRACE | System event 2327
2025-09-22 16:52:38 | INFO | System event 4942
2025-09-13 18:56:24 | DEBUG | System event 1712
2025-09-01 09:06:23 | CRITICAL | System event 5713
2025-09-04 23:41:34 | WARNING | System event 9943
2025-09-25 22:10:38 | ERROR | System event 5458
2025-09-07 00:15:24 | TRACE | System event 8726
2025-09-04 01:13:57 | ERROR | System event 8828
2025-09-21 13:03:25 | ERROR | System event 3339
2025-09-24 16:13:15 | WARNING | System event 3309
2025-09-08 19:07:58 | ERROR | System event 5548
2025-10-01 08:00:43 | TRACE | System event 9170
2025-09-21 06:16:23 | INFO | System event 8649
2025-09-05 01:24:06 | ERROR | System event 8935
2025-09-08 22:30:56 | WARNING | System event 4594
2025-09-19 18:44:52 | NOTICE | System event 9441
2025-09-04 03:09:03 | TRACE | System event 1074
2025-09-13 01:55:10 | TRACE | System event 6228
2025-09-02 17:01:53 | CRITICAL | System event 2685
2025-09-28 12:01:44 | TRACE | System event 2426
2025-09-07 14:30:37 | CRITICAL | System event 1401
2025-09-11 03:54:26 | ERROR | System event 8472
2025-09-26 07:03:45 | INFO | System event 3348
2025-09-23 23:13:05 | NOTICE | System event 6140
2025-09-23 00:15:28 | WARNING | System event 6065
2025-09-20 17:18:31 | DEBUG | System event 7697
2025-09-09 02:16:17 | EMERGENCY | System event 8691
2025-09-23 17:46:31 | NOTICE | System event 7534
2025-09-03 19:59:01 | WARNING | System event 6953
2025-09-12 01:22:07 | ERROR | System event 1396